{"numFailedTestSuites":0,"numFailedTests":0,"numPassedTestSuites":3,"numPassedTests":11,"numPendingTestSuites":0,"numPendingTests":0,"numRuntimeErrorTestSuites":0,"numTodoTests":0,"numTotalTestSuites":3,"numTotalTests":11,"openHandles":[],"snapshot":{"added":0,"didUpdate":false,"failure":false,"filesAdded":0,"filesRemoved":0,"filesRemovedList":[],"filesUnmatched":0,"filesUpdated":0,"matched":0,"total":0,"unchecked":0,"uncheckedKeysByFile":[],"unmatched":0,"updated":0},"startTime":1763484936472,"success":true,"testResults":[{"assertionResults":[{"ancestorTitles":["CameraProvider"],"duration":24,"failing":false,"failureDetails":[],"failureMessages":[],"fullName":"CameraProvider start() starts the camera and updates status to 'running'","invocations":1,"location":null,"numPassingAsserts":6,"retryReasons":[],"startAt":1763484936990,"status":"passed","title":"start() starts the camera and updates status to 'running'"},{"ancestorTitles":["CameraProvider"],"duration":14,"failing":false,"failureDetails":[],"failureMessages":[],"fullName":"CameraProvider start() handles failures and exposes error state","invocations":1,"location":null,"numPassingAsserts":2,"retryReasons":[],"startAt":1763484937015,"status":"passed","title":"start() handles failures and exposes error state"},{"ancestorTitles":["CameraView"],"duration":62,"failing":false,"failureDetails":[],"failureMessages":[],"fullName":"CameraView renders buttons, status, and wires up Start/Stop with provider","invocations":1,"location":null,"numPassingAsserts":6,"retryReasons":[],"startAt":1763484937030,"status":"passed","title":"renders buttons, status, and wires up Start/Stop with provider"}],"endTime":1763484937092,"message":"","name":"D:\\Repositories\\personal-projects\\web-projects\\cslr-web\\__tests__\\camera.test.tsx","startTime":1763484936767,"status":"passed","summary":""},{"assertionResults":[{"ancestorTitles":["WebSocketProvider"],"duration":4,"failing":false,"failureDetails":[],"failureMessages":[],"fullName":"WebSocketProvider connects, updates status, stores last JSON, and can send text/binary","invocations":1,"location":null,"numPassingAsserts":7,"retryReasons":[],"startAt":1763484937175,"status":"passed","title":"connects, updates status, stores last JSON, and can send text/binary"},{"ancestorTitles":["WebSocketProvider"],"duration":1,"failing":false,"failureDetails":[],"failureMessages":[],"fullName":"WebSocketProvider sendText/sendBinary are no-ops when WebSocket is not OPEN","invocations":1,"location":null,"numPassingAsserts":2,"retryReasons":[],"startAt":1763484937180,"status":"passed","title":"sendText/sendBinary are no-ops when WebSocket is not OPEN"},{"ancestorTitles":["InferenceResult"],"duration":3,"failing":false,"failureDetails":[],"failureMessages":[],"fullName":"InferenceResult shows fallback text when no inference yet","invocations":1,"location":null,"numPassingAsserts":2,"retryReasons":[],"startAt":1763484937181,"status":"passed","title":"shows fallback text when no inference yet"},{"ancestorTitles":["InferenceResult"],"duration":3,"failing":false,"failureDetails":[],"failureMessages":[],"fullName":"InferenceResult renders JSON payload and status when server sends a message","invocations":1,"location":null,"numPassingAsserts":4,"retryReasons":[],"startAt":1763484937184,"status":"passed","title":"renders JSON payload and status when server sends a message"}],"endTime":1763484937188,"message":"","name":"D:\\Repositories\\personal-projects\\web-projects\\cslr-web\\__tests__\\websocket.inference.test.tsx","startTime":1763484937102,"status":"passed","summary":""},{"assertionResults":[{"ancestorTitles":["cn utility"],"duration":3,"failing":false,"failureDetails":[],"failureMessages":[],"fullName":"cn utility joins simple class strings","invocations":1,"location":null,"numPassingAsserts":1,"retryReasons":[],"startAt":1763484937240,"status":"passed","title":"joins simple class strings"},{"ancestorTitles":["cn utility"],"duration":0,"failing":false,"failureDetails":[],"failureMessages":[],"fullName":"cn utility handles conditional classes via clsx-style objects","invocations":1,"location":null,"numPassingAsserts":1,"retryReasons":[],"startAt":1763484937243,"status":"passed","title":"handles conditional classes via clsx-style objects"},{"ancestorTitles":["cn utility"],"duration":1,"failing":false,"failureDetails":[],"failureMessages":[],"fullName":"cn utility merges tailwind classes (last wins for conflicting utilities)","invocations":1,"location":null,"numPassingAsserts":1,"retryReasons":[],"startAt":1763484937243,"status":"passed","title":"merges tailwind classes (last wins for conflicting utilities)"},{"ancestorTitles":["cn utility"],"duration":0,"failing":false,"failureDetails":[],"failureMessages":[],"fullName":"cn utility removes duplicate classes and preserves order where appropriate","invocations":1,"location":null,"numPassingAsserts":1,"retryReasons":[],"startAt":1763484937244,"status":"passed","title":"removes duplicate classes and preserves order where appropriate"}],"endTime":1763484937245,"message":"","name":"D:\\Repositories\\personal-projects\\web-projects\\cslr-web\\src\\lib\\utils.test.ts","startTime":1763484937195,"status":"passed","summary":""}],"wasInterrupted":false,"coverageMap":{"D:\\Repositories\\personal-projects\\web-projects\\cslr-web\\src\\components\\camera\\CameraContext.tsx":{"path":"D:\\Repositories\\personal-projects\\web-projects\\cslr-web\\src\\components\\camera\\CameraContext.tsx","statementMap":{"0":{"start":{"line":15,"column":16},"end":{"line":15,"column":31}},"1":{"start":{"line":59,"column":16},"end":{"line":59,"column":null}},"2":{"start":{"line":3,"column":67},"end":{"line":3,"column":null}},"3":{"start":{"line":13,"column":12},"end":{"line":13,"column":null}},"4":{"start":{"line":16,"column":21},"end":{"line":16,"column":null}},"5":{"start":{"line":17,"column":32},"end":{"line":17,"column":null}},"6":{"start":{"line":18,"column":30},"end":{"line":18,"column":null}},"7":{"start":{"line":21,"column":8},"end":{"line":21,"column":31}},"8":{"start":{"line":21,"column":31},"end":{"line":21,"column":null}},"9":{"start":{"line":22,"column":8},"end":{"line":40,"column":null}},"10":{"start":{"line":23,"column":27},"end":{"line":31,"column":null}},"11":{"start":{"line":32,"column":22},"end":{"line":32,"column":38}},"12":{"start":{"line":33,"column":12},"end":{"line":33,"column":null}},"13":{"start":{"line":34,"column":12},"end":{"line":34,"column":null}},"14":{"start":{"line":35,"column":12},"end":{"line":35,"column":null}},"15":{"start":{"line":37,"column":12},"end":{"line":37,"column":null}},"16":{"start":{"line":38,"column":28},"end":{"line":38,"column":null}},"17":{"start":{"line":39,"column":12},"end":{"line":39,"column":null}},"18":{"start":{"line":44,"column":18},"end":{"line":44,"column":34}},"19":{"start":{"line":45,"column":8},"end":{"line":48,"column":null}},"20":{"start":{"line":46,"column":13},"end":{"line":46,"column":null}},"21":{"start":{"line":46,"column":66},"end":{"line":46,"column":null}},"22":{"start":{"line":47,"column":12},"end":{"line":47,"column":null}},"23":{"start":{"line":49,"column":8},"end":{"line":49,"column":null}},"24":{"start":{"line":60,"column":16},"end":{"line":60,"column":null}},"25":{"start":{"line":61,"column":4},"end":{"line":61,"column":null}},"26":{"start":{"line":61,"column":14},"end":{"line":61,"column":null}},"27":{"start":{"line":62,"column":4},"end":{"line":62,"column":null}}},"fnMap":{"0":{"name":"CameraProvider","decl":{"start":{"line":15,"column":16},"end":{"line":15,"column":31}},"loc":{"start":{"line":15,"column":74},"end":{"line":57,"column":null}}},"1":{"name":"start","decl":{"start":{"line":20,"column":19},"end":{"line":20,"column":25}},"loc":{"start":{"line":20,"column":81},"end":{"line":41,"column":null}}},"2":{"name":"stop","decl":{"start":{"line":43,"column":13},"end":{"line":43,"column":null}},"loc":{"start":{"line":43,"column":13},"end":{"line":50,"column":null}}},"3":{"name":"(anonymous_9)","decl":{"start":{"line":46,"column":61},"end":{"line":46,"column":66}},"loc":{"start":{"line":46,"column":66},"end":{"line":46,"column":null}}},"4":{"name":"useCamera","decl":{"start":{"line":59,"column":16},"end":{"line":59,"column":null}},"loc":{"start":{"line":59,"column":16},"end":{"line":63,"column":null}}}},"branchMap":{"0":{"loc":{"start":{"line":25,"column":36},"end":{"line":25,"column":56}},"type":"binary-expr","locations":[{"start":{"line":25,"column":36},"end":{"line":25,"column":51}},{"start":{"line":25,"column":51},"end":{"line":25,"column":56}}]},"1":{"loc":{"start":{"line":26,"column":37},"end":{"line":26,"column":57}},"type":"binary-expr","locations":[{"start":{"line":26,"column":37},"end":{"line":26,"column":53}},{"start":{"line":26,"column":53},"end":{"line":26,"column":57}}]},"2":{"loc":{"start":{"line":27,"column":40},"end":{"line":27,"column":57}},"type":"binary-expr","locations":[{"start":{"line":27,"column":40},"end":{"line":27,"column":53}},{"start":{"line":27,"column":53},"end":{"line":27,"column":57}}]},"3":{"loc":{"start":{"line":27,"column":62},"end":{"line":27,"column":78}},"type":"binary-expr","locations":[{"start":{"line":27,"column":62},"end":{"line":27,"column":75}},{"start":{"line":27,"column":75},"end":{"line":27,"column":78}}]},"4":{"loc":{"start":{"line":38,"column":28},"end":{"line":38,"column":null}},"type":"cond-expr","locations":[{"start":{"line":38,"column":49},"end":{"line":38,"column":58}},{"start":{"line":38,"column":61},"end":{"line":38,"column":null}}]},"5":{"loc":{"start":{"line":45,"column":8},"end":{"line":48,"column":null}},"type":"if","locations":[{"start":{"line":45,"column":8},"end":{"line":48,"column":null}},{"start":{},"end":{}}]},"6":{"loc":{"start":{"line":61,"column":4},"end":{"line":61,"column":null}},"type":"if","locations":[{"start":{"line":61,"column":4},"end":{"line":61,"column":null}},{"start":{},"end":{}}]}},"s":{"0":3,"1":9,"2":1,"3":1,"4":9,"5":9,"6":9,"7":3,"8":3,"9":3,"10":3,"11":2,"12":2,"13":2,"14":2,"15":1,"16":1,"17":1,"18":2,"19":2,"20":2,"21":2,"22":2,"23":2,"24":9,"25":9,"26":0,"27":9},"f":{"0":9,"1":3,"2":2,"3":2,"4":9},"b":{"0":[3,1],"1":[3,1],"2":[3,1],"3":[3,1],"4":[1,0],"5":[2,0],"6":[0,9]}},"D:\\Repositories\\personal-projects\\web-projects\\cslr-web\\src\\components\\camera\\CameraView.tsx":{"path":"D:\\Repositories\\personal-projects\\web-projects\\cslr-web\\src\\components\\camera\\CameraView.tsx","statementMap":{"0":{"start":{"line":5,"column":24},"end":{"line":5,"column":null}},"1":{"start":{"line":3,"column":26},"end":{"line":3,"column":null}},"2":{"start":{"line":6,"column":53},"end":{"line":6,"column":null}},"3":{"start":{"line":12,"column":35},"end":{"line":12,"column":null}}},"fnMap":{"0":{"name":"CameraView","decl":{"start":{"line":5,"column":24},"end":{"line":5,"column":null}},"loc":{"start":{"line":5,"column":24},"end":{"line":35,"column":null}}},"1":{"name":"(anonymous_2)","decl":{"start":{"line":12,"column":29},"end":{"line":12,"column":35}},"loc":{"start":{"line":12,"column":35},"end":{"line":12,"column":null}}}},"branchMap":{"0":{"loc":{"start":{"line":13,"column":30},"end":{"line":13,"column":null}},"type":"binary-expr","locations":[{"start":{"line":13,"column":30},"end":{"line":13,"column":55}},{"start":{"line":13,"column":55},"end":{"line":13,"column":null}}]},"1":{"loc":{"start":{"line":16,"column":21},"end":{"line":16,"column":null}},"type":"cond-expr","locations":[{"start":{"line":16,"column":45},"end":{"line":16,"column":59}},{"start":{"line":16,"column":59},"end":{"line":16,"column":null}}]},"2":{"loc":{"start":{"line":24,"column":13},"end":{"line":24,"column":22}},"type":"binary-expr","locations":[{"start":{"line":24,"column":13},"end":{"line":24,"column":22}}]}},"s":{"0":1,"1":1,"2":4,"3":1},"f":{"0":4,"1":1},"b":{"0":[4,3],"1":[1,3],"2":[4]}},"D:\\Repositories\\personal-projects\\web-projects\\cslr-web\\src\\components\\WebsocketContext.tsx":{"path":"D:\\Repositories\\personal-projects\\web-projects\\cslr-web\\src\\components\\WebsocketContext.tsx","statementMap":{"0":{"start":{"line":38,"column":16},"end":{"line":38,"column":34}},"1":{"start":{"line":89,"column":13},"end":{"line":89,"column":21}},"2":{"start":{"line":3,"column":100},"end":{"line":3,"column":null}},"3":{"start":{"line":18,"column":12},"end":{"line":23,"column":null}},"4":{"start":{"line":26,"column":17},"end":{"line":26,"column":null}},"5":{"start":{"line":27,"column":19},"end":{"line":27,"column":null}},"6":{"start":{"line":28,"column":4},"end":{"line":35,"column":null}},"7":{"start":{"line":29,"column":18},"end":{"line":29,"column":null}},"8":{"start":{"line":30,"column":22},"end":{"line":30,"column":null}},"9":{"start":{"line":31,"column":8},"end":{"line":31,"column":null}},"10":{"start":{"line":33,"column":22},"end":{"line":33,"column":null}},"11":{"start":{"line":34,"column":8},"end":{"line":34,"column":null}},"12":{"start":{"line":39,"column":32},"end":{"line":39,"column":null}},"13":{"start":{"line":40,"column":36},"end":{"line":40,"column":null}},"14":{"start":{"line":41,"column":18},"end":{"line":41,"column":null}},"15":{"start":{"line":43,"column":4},"end":{"line":63,"column":null}},"16":{"start":{"line":44,"column":22},"end":{"line":44,"column":null}},"17":{"start":{"line":45,"column":20},"end":{"line":45,"column":null}},"18":{"start":{"line":46,"column":19},"end":{"line":46,"column":null}},"19":{"start":{"line":47,"column":8},"end":{"line":47,"column":null}},"20":{"start":{"line":49,"column":8},"end":{"line":49,"column":null}},"21":{"start":{"line":49,"column":26},"end":{"line":49,"column":null}},"22":{"start":{"line":50,"column":8},"end":{"line":50,"column":null}},"23":{"start":{"line":50,"column":27},"end":{"line":50,"column":null}},"24":{"start":{"line":51,"column":8},"end":{"line":51,"column":null}},"25":{"start":{"line":51,"column":27},"end":{"line":51,"column":null}},"26":{"start":{"line":52,"column":8},"end":{"line":59,"column":null}},"27":{"start":{"line":53,"column":12},"end":{"line":53,"column":null}},"28":{"start":{"line":53,"column":26},"end":{"line":53,"column":null}},"29":{"start":{"line":54,"column":12},"end":{"line":58,"column":null}},"30":{"start":{"line":55,"column":16},"end":{"line":57,"column":null}},"31":{"start":{"line":56,"column":20},"end":{"line":56,"column":null}},"32":{"start":{"line":61,"column":8},"end":{"line":61,"column":null}},"33":{"start":{"line":62,"column":8},"end":{"line":62,"column":null}},"34":{"start":{"line":62,"column":23},"end":{"line":62,"column":40}},"35":{"start":{"line":62,"column":40},"end":{"line":62,"column":52}},"36":{"start":{"line":62,"column":52},"end":{"line":62,"column":74}},"37":{"start":{"line":65,"column":23},"end":{"line":68,"column":null}},"38":{"start":{"line":66,"column":19},"end":{"line":66,"column":32}},"39":{"start":{"line":67,"column":8},"end":{"line":67,"column":null}},"40":{"start":{"line":67,"column":52},"end":{"line":67,"column":null}},"41":{"start":{"line":70,"column":21},"end":{"line":73,"column":null}},"42":{"start":{"line":71,"column":19},"end":{"line":71,"column":32}},"43":{"start":{"line":72,"column":8},"end":{"line":72,"column":null}},"44":{"start":{"line":72,"column":52},"end":{"line":72,"column":null}},"45":{"start":{"line":75,"column":18},"end":{"line":80,"column":null}},"46":{"start":{"line":75,"column":33},"end":{"line":80,"column":8}},"47":{"start":{"line":89,"column":21},"end":{"line":89,"column":null}},"48":{"start":{"line":89,"column":27},"end":{"line":89,"column":null}}},"fnMap":{"0":{"name":"(anonymous_6)","decl":{"start":{"line":21,"column":16},"end":{"line":21,"column":24}},"loc":{"start":{"line":21,"column":16},"end":{"line":21,"column":null}}},"1":{"name":"(anonymous_7)","decl":{"start":{"line":22,"column":14},"end":{"line":22,"column":22}},"loc":{"start":{"line":22,"column":14},"end":{"line":22,"column":null}}},"2":{"name":"getWsUrl","decl":{"start":{"line":25,"column":9},"end":{"line":25,"column":null}},"loc":{"start":{"line":25,"column":9},"end":{"line":36,"column":null}}},"3":{"name":"WebSocketProvider","decl":{"start":{"line":38,"column":16},"end":{"line":38,"column":34}},"loc":{"start":{"line":38,"column":77},"end":{"line":87,"column":null}}},"4":{"name":"(anonymous_10)","decl":{"start":{"line":43,"column":14},"end":{"line":43,"column":null}},"loc":{"start":{"line":43,"column":14},"end":{"line":63,"column":7}}},"5":{"name":"(anonymous_11)","decl":{"start":{"line":49,"column":20},"end":{"line":49,"column":26}},"loc":{"start":{"line":49,"column":26},"end":{"line":49,"column":null}}},"6":{"name":"(anonymous_12)","decl":{"start":{"line":50,"column":21},"end":{"line":50,"column":27}},"loc":{"start":{"line":50,"column":27},"end":{"line":50,"column":null}}},"7":{"name":"(anonymous_13)","decl":{"start":{"line":51,"column":21},"end":{"line":51,"column":27}},"loc":{"start":{"line":51,"column":27},"end":{"line":51,"column":null}}},"8":{"name":"(anonymous_14)","decl":{"start":{"line":52,"column":23},"end":{"line":52,"column":24}},"loc":{"start":{"line":52,"column":24},"end":{"line":59,"column":null}}},"9":{"name":"(anonymous_15)","decl":{"start":{"line":62,"column":15},"end":{"line":62,"column":23}},"loc":{"start":{"line":62,"column":15},"end":{"line":62,"column":null}}},"10":{"name":"(anonymous_16)","decl":{"start":{"line":65,"column":35},"end":{"line":65,"column":36}},"loc":{"start":{"line":65,"column":36},"end":{"line":68,"column":7}}},"11":{"name":"(anonymous_17)","decl":{"start":{"line":70,"column":33},"end":{"line":70,"column":34}},"loc":{"start":{"line":70,"column":34},"end":{"line":73,"column":7}}},"12":{"name":"(anonymous_18)","decl":{"start":{"line":75,"column":26},"end":{"line":75,"column":33}},"loc":{"start":{"line":75,"column":33},"end":{"line":80,"column":8}}},"13":{"name":"(anonymous_19)","decl":{"start":{"line":89,"column":21},"end":{"line":89,"column":27}},"loc":{"start":{"line":89,"column":27},"end":{"line":89,"column":null}}}},"branchMap":{"0":{"loc":{"start":{"line":27,"column":19},"end":{"line":27,"column":null}},"type":"binary-expr","locations":[{"start":{"line":27,"column":19},"end":{"line":27,"column":61}},{"start":{"line":27,"column":65},"end":{"line":27,"column":null}}]},"1":{"loc":{"start":{"line":30,"column":22},"end":{"line":30,"column":null}},"type":"cond-expr","locations":[{"start":{"line":30,"column":48},"end":{"line":30,"column":56}},{"start":{"line":30,"column":56},"end":{"line":30,"column":null}}]},"2":{"loc":{"start":{"line":33,"column":22},"end":{"line":33,"column":null}},"type":"cond-expr","locations":[{"start":{"line":33,"column":88},"end":{"line":33,"column":96}},{"start":{"line":33,"column":96},"end":{"line":33,"column":null}}]},"3":{"loc":{"start":{"line":33,"column":22},"end":{"line":33,"column":88}},"type":"binary-expr","locations":[{"start":{"line":33,"column":22},"end":{"line":33,"column":55}},{"start":{"line":33,"column":55},"end":{"line":33,"column":88}}]},"4":{"loc":{"start":{"line":49,"column":26},"end":{"line":49,"column":null}},"type":"binary-expr","locations":[{"start":{"line":49,"column":26},"end":{"line":49,"column":37}},{"start":{"line":49,"column":37},"end":{"line":49,"column":null}}]},"5":{"loc":{"start":{"line":50,"column":27},"end":{"line":50,"column":null}},"type":"binary-expr","locations":[{"start":{"line":50,"column":27},"end":{"line":50,"column":38}},{"start":{"line":50,"column":38},"end":{"line":50,"column":null}}]},"6":{"loc":{"start":{"line":51,"column":27},"end":{"line":51,"column":null}},"type":"binary-expr","locations":[{"start":{"line":51,"column":27},"end":{"line":51,"column":38}},{"start":{"line":51,"column":38},"end":{"line":51,"column":null}}]},"7":{"loc":{"start":{"line":53,"column":12},"end":{"line":53,"column":null}},"type":"if","locations":[{"start":{"line":53,"column":12},"end":{"line":53,"column":null}},{"start":{},"end":{}}]},"8":{"loc":{"start":{"line":54,"column":12},"end":{"line":58,"column":null}},"type":"if","locations":[{"start":{"line":54,"column":12},"end":{"line":58,"column":null}},{"start":{},"end":{}}]},"9":{"loc":{"start":{"line":67,"column":8},"end":{"line":67,"column":null}},"type":"if","locations":[{"start":{"line":67,"column":8},"end":{"line":67,"column":null}},{"start":{},"end":{}}]},"10":{"loc":{"start":{"line":67,"column":12},"end":{"line":67,"column":50}},"type":"binary-expr","locations":[{"start":{"line":67,"column":12},"end":{"line":67,"column":18}},{"start":{"line":67,"column":18},"end":{"line":67,"column":50}}]},"11":{"loc":{"start":{"line":72,"column":8},"end":{"line":72,"column":null}},"type":"if","locations":[{"start":{"line":72,"column":8},"end":{"line":72,"column":null}},{"start":{},"end":{}}]},"12":{"loc":{"start":{"line":72,"column":12},"end":{"line":72,"column":50}},"type":"binary-expr","locations":[{"start":{"line":72,"column":12},"end":{"line":72,"column":18}},{"start":{"line":72,"column":18},"end":{"line":72,"column":50}}]}},"s":{"0":4,"1":8,"2":1,"3":1,"4":4,"5":4,"6":4,"7":4,"8":4,"9":4,"10":0,"11":0,"12":8,"13":8,"14":8,"15":8,"16":4,"17":4,"18":4,"19":4,"20":4,"21":2,"22":4,"23":0,"24":4,"25":0,"26":4,"27":2,"28":0,"29":2,"30":2,"31":2,"32":4,"33":4,"34":4,"35":4,"36":4,"37":8,"38":2,"39":2,"40":1,"41":8,"42":2,"43":2,"44":1,"45":8,"46":8,"47":1,"48":8},"f":{"0":0,"1":0,"2":4,"3":8,"4":4,"5":2,"6":0,"7":0,"8":2,"9":4,"10":2,"11":2,"12":8,"13":8},"b":{"0":[4,0],"1":[0,4],"2":[0,0],"3":[0,0],"4":[2,2],"5":[0,0],"6":[0,0],"7":[0,2],"8":[2,0],"9":[1,1],"10":[2,2],"11":[1,1],"12":[2,2]}},"D:\\Repositories\\personal-projects\\web-projects\\cslr-web\\src\\components\\inference\\InferenceResult.tsx":{"path":"D:\\Repositories\\personal-projects\\web-projects\\cslr-web\\src\\components\\inference\\InferenceResult.tsx","statementMap":{"0":{"start":{"line":5,"column":24},"end":{"line":5,"column":null}},"1":{"start":{"line":3,"column":22},"end":{"line":3,"column":null}},"2":{"start":{"line":6,"column":33},"end":{"line":6,"column":null}}},"fnMap":{"0":{"name":"InferenceResult","decl":{"start":{"line":5,"column":24},"end":{"line":5,"column":null}},"loc":{"start":{"line":5,"column":24},"end":{"line":21,"column":null}}}},"branchMap":{"0":{"loc":{"start":{"line":14,"column":20},"end":{"line":17,"column":21}},"type":"cond-expr","locations":[{"start":{"line":14,"column":20},"end":{"line":17,"column":21}}]}},"s":{"0":2,"1":1,"2":4},"f":{"0":4},"b":{"0":[1]}},"D:\\Repositories\\personal-projects\\web-projects\\cslr-web\\src\\lib\\utils.ts":{"path":"D:\\Repositories\\personal-projects\\web-projects\\cslr-web\\src\\lib\\utils.ts","statementMap":{"0":{"start":{"line":4,"column":16},"end":{"line":4,"column":19}},"1":{"start":{"line":1,"column":38},"end":{"line":1,"column":null}},"2":{"start":{"line":2,"column":24},"end":{"line":2,"column":null}},"3":{"start":{"line":5,"column":2},"end":{"line":5,"column":null}}},"fnMap":{"0":{"name":"cn","decl":{"start":{"line":4,"column":16},"end":{"line":4,"column":19}},"loc":{"start":{"line":4,"column":42},"end":{"line":6,"column":null}}}},"branchMap":{},"s":{"0":4,"1":1,"2":1,"3":4},"f":{"0":4},"b":{}}}}
